10:35:51 **** Incremental Build of configuration Debug for project Clase1_Jordan ****
make -j4 all 
arm-none-eabi-gcc "../Src/keys.c" -mcpu=cortex-m4 -std=gnu11 -g3 -DDEBUG -DSTM32 -DSTM32F429ZITx -DSTM32F4 -DNUCLEO_F429ZI -DUSE_HAL_DRIVER -DSTM32F429xx -c -I../Inc -I"C:/Users/Win10/Desktop/Repositorios CESE/Repo_RTOSI_Jordan/RTOSI_workspace/Clase1_Jordan/Drivers/STM32F4xx_HAL_Driver/Inc" -I"C:/Users/Win10/Desktop/Repositorios CESE/Repo_RTOSI_Jordan/RTOSI_workspace/Clase1_Jordan/Drivers/CMSIS/Include" -I"C:/Users/Win10/Desktop/Repositorios CESE/Repo_RTOSI_Jordan/RTOSI_workspace/Clase1_Jordan/Drivers/CMSIS/Device/ST/STM32F4xx/Include" -I"C:/Users/Win10/Desktop/Repositorios CESE/Repo_RTOSI_Jordan/RTOSI_workspace/Clase1_Jordan/Drivers/BSP/STM32F4xx_Nucleo_144" -I"C:/Users/Win10/Desktop/Repositorios CESE/Repo_RTOSI_Jordan/RTOSI_workspace/Clase1_Jordan/Drivers/Core/Inc" -O0 -ffunction-sections -fdata-sections -Wall -fstack-usage -MMD -MP -MF"Src/keys.d" -MT"Src/keys.o" --specs=nano.specs -mfpu=fpv4-sp-d16 -mfloat-abi=hard -mthumb -o "Src/keys.o"
arm-none-eabi-gcc "../Src/main.c" -mcpu=cortex-m4 -std=gnu11 -g3 -DDEBUG -DSTM32 -DSTM32F429ZITx -DSTM32F4 -DNUCLEO_F429ZI -DUSE_HAL_DRIVER -DSTM32F429xx -c -I../Inc -I"C:/Users/Win10/Desktop/Repositorios CESE/Repo_RTOSI_Jordan/RTOSI_workspace/Clase1_Jordan/Drivers/STM32F4xx_HAL_Driver/Inc" -I"C:/Users/Win10/Desktop/Repositorios CESE/Repo_RTOSI_Jordan/RTOSI_workspace/Clase1_Jordan/Drivers/CMSIS/Include" -I"C:/Users/Win10/Desktop/Repositorios CESE/Repo_RTOSI_Jordan/RTOSI_workspace/Clase1_Jordan/Drivers/CMSIS/Device/ST/STM32F4xx/Include" -I"C:/Users/Win10/Desktop/Repositorios CESE/Repo_RTOSI_Jordan/RTOSI_workspace/Clase1_Jordan/Drivers/BSP/STM32F4xx_Nucleo_144" -I"C:/Users/Win10/Desktop/Repositorios CESE/Repo_RTOSI_Jordan/RTOSI_workspace/Clase1_Jordan/Drivers/Core/Inc" -O0 -ffunction-sections -fdata-sections -Wall -fstack-usage -MMD -MP -MF"Src/main.d" -MT"Src/main.o" --specs=nano.specs -mfpu=fpv4-sp-d16 -mfloat-abi=hard -mthumb -o "Src/main.o"
arm-none-eabi-gcc "../Drivers/soc/peripherals/usb/device/src/cdc_uart.c" -mcpu=cortex-m4 -std=gnu11 -g3 -DDEBUG -DSTM32 -DSTM32F429ZITx -DSTM32F4 -DNUCLEO_F429ZI -DUSE_HAL_DRIVER -DSTM32F429xx -c -I../Inc -I"C:/Users/Win10/Desktop/Repositorios CESE/Repo_RTOSI_Jordan/RTOSI_workspace/Clase1_Jordan/Drivers/STM32F4xx_HAL_Driver/Inc" -I"C:/Users/Win10/Desktop/Repositorios CESE/Repo_RTOSI_Jordan/RTOSI_workspace/Clase1_Jordan/Drivers/CMSIS/Include" -I"C:/Users/Win10/Desktop/Repositorios CESE/Repo_RTOSI_Jordan/RTOSI_workspace/Clase1_Jordan/Drivers/CMSIS/Device/ST/STM32F4xx/Include" -I"C:/Users/Win10/Desktop/Repositorios CESE/Repo_RTOSI_Jordan/RTOSI_workspace/Clase1_Jordan/Drivers/BSP/STM32F4xx_Nucleo_144" -I"C:/Users/Win10/Desktop/Repositorios CESE/Repo_RTOSI_Jordan/RTOSI_workspace/Clase1_Jordan/Drivers/Core/Inc" -O0 -ffunction-sections -fdata-sections -Wall -fstack-usage -MMD -MP -MF"Drivers/soc/peripherals/usb/device/src/cdc_uart.d" -MT"Drivers/soc/peripherals/usb/device/src/cdc_uart.o" --specs=nano.specs -mfpu=fpv4-sp-d16 -mfloat-abi=hard -mthumb -o "Drivers/soc/peripherals/usb/device/src/cdc_uart.o"
arm-none-eabi-gcc "../Drivers/soc/peripherals/usb/device/src/sapi_usb_device.c" -mcpu=cortex-m4 -std=gnu11 -g3 -DDEBUG -DSTM32 -DSTM32F429ZITx -DSTM32F4 -DNUCLEO_F429ZI -DUSE_HAL_DRIVER -DSTM32F429xx -c -I../Inc -I"C:/Users/Win10/Desktop/Repositorios CESE/Repo_RTOSI_Jordan/RTOSI_workspace/Clase1_Jordan/Drivers/STM32F4xx_HAL_Driver/Inc" -I"C:/Users/Win10/Desktop/Repositorios CESE/Repo_RTOSI_Jordan/RTOSI_workspace/Clase1_Jordan/Drivers/CMSIS/Include" -I"C:/Users/Win10/Desktop/Repositorios CESE/Repo_RTOSI_Jordan/RTOSI_workspace/Clase1_Jordan/Drivers/CMSIS/Device/ST/STM32F4xx/Include" -I"C:/Users/Win10/Desktop/Repositorios CESE/Repo_RTOSI_Jordan/RTOSI_workspace/Clase1_Jordan/Drivers/BSP/STM32F4xx_Nucleo_144" -I"C:/Users/Win10/Desktop/Repositorios CESE/Repo_RTOSI_Jordan/RTOSI_workspace/Clase1_Jordan/Drivers/Core/Inc" -O0 -ffunction-sections -fdata-sections -Wall -fstack-usage -MMD -MP -MF"Drivers/soc/peripherals/usb/device/src/sapi_usb_device.d" -MT"Drivers/soc/peripherals/usb/device/src/sapi_usb_device.o" --specs=nano.specs -mfpu=fpv4-sp-d16 -mfloat-abi=hard -mthumb -o "Drivers/soc/peripherals/usb/device/src/sapi_usb_device.o"
In file included from ../Src/keys.c:11:
../Inc/keys.h:5:10: fatal error: sapi.h: No such file or directory
    5 | #include "sapi.h"
      |          ^~~~~~~~
compilation terminated.
In file included from ../Src/main.c:10:
../Inc/keys.h:5:10: fatal error: sapi.h: No such file or directory
    5 | #include "sapi.h"
      |          ^~~~~~~~
compilation terminated.
make: *** [Src/subdir.mk:22: Src/keys.o] Error 1
make: *** Waiting for unfinished jobs....
../Drivers/soc/peripherals/usb/device/src/cdc_uart.c:32:10: fatal error: board.h: No such file or directory
   32 | #include "board.h"
      |          ^~~~~~~~~
compilation terminated.
../Drivers/soc/peripherals/usb/device/src/sapi_usb_device.c:1:10: fatal error: sapi_usb_device.h: No such file or directory
    1 | #include "sapi_usb_device.h"
      |          ^~~~~~~~~~~~~~~~~~~
compilation terminated.
make: *** [Src/subdir.mk:22: Src/main.o] Error 1
make: *** [Drivers/soc/peripherals/usb/device/src/subdir.mk:25: Drivers/soc/peripherals/usb/device/src/cdc_uart.o] Error 1
make: *** [Drivers/soc/peripherals/usb/device/src/subdir.mk:25: Drivers/soc/peripherals/usb/device/src/sapi_usb_device.o] Error 1
"make -j4 all" terminated with exit code 2. Build might be incomplete.

10:35:53 Build Failed. 9 errors, 0 warnings. (took 1s.591ms)

