11:12:08 **** Incremental Build of configuration Debug for project Ej1_pushButtonPdM ****
make -j4 all 
arm-none-eabi-gcc "../Src/main.c" -mcpu=cortex-m4 -std=gnu11 -g3 -DDEBUG -DSTM32 -DSTM32F429ZITx -DSTM32F4 -DNUCLEO_F429ZI -DUSE_HAL_DRIVER -DSTM32F429xx -c -I../Inc -I"C:/Users/Win10/Desktop/Repositorios CESE/Repo_RTOSI_Jordan/RTOSI_workspace/Clase1_prueba2/Drivers/libs_RTOSI/lpc_open/lpc_chip_43xx/inc" -I"C:/Users/Win10/Desktop/Repositorios CESE/Repo_RTOSI_Jordan/RTOSI_workspace/Clase1_prueba2/Drivers/libs_RTOSI/lpc_open/lpc_chip_43xx" -I"C:/Users/Win10/Desktop/Repositorios CESE/Repo_RTOSI_Jordan/RTOSI_workspace/Clase1_prueba2/Drivers/libs_RTOSI/sapi/sapi_v0.6.2/base/inc" -I"C:/Users/Win10/Desktop/Repositorios CESE/Repo_RTOSI_Jordan/RTOSI_workspace/Clase1_prueba2/Drivers/STM32F4xx_HAL_Driver/Inc" -I"C:/Users/Win10/Desktop/Repositorios CESE/Repo_RTOSI_Jordan/RTOSI_workspace/Clase1_prueba2/Drivers/CMSIS/Include" -I"C:/Users/Win10/Desktop/Repositorios CESE/Repo_RTOSI_Jordan/RTOSI_workspace/Clase1_prueba2/Drivers/CMSIS/Device/ST/STM32F4xx/Include" -I"C:/Users/Win10/Desktop/Repositorios CESE/Repo_RTOSI_Jordan/RTOSI_workspace/Clase1_prueba2/Drivers/BSP/STM32F4xx_Nucleo_144" -I"C:/Users/Win10/Desktop/Repositorios CESE/Repo_RTOSI_Jordan/RTOSI_workspace/Clase1_prueba2/Drivers/Core/Inc" -I"C:/Users/Win10/Desktop/Repositorios CESE/Repo_RTOSI_Jordan/RTOSI_workspace/Clase1_prueba2/Drivers/libs_RTOSI" -I"C:/Users/Win10/Desktop/Repositorios CESE/Repo_RTOSI_Jordan/RTOSI_workspace/Clase1_prueba2/Drivers/libs_RTOSI/tinyprintf" -I"C:/Users/Win10/Desktop/Repositorios CESE/Repo_RTOSI_Jordan/RTOSI_workspace/Clase1_prueba2/Drivers/libs_RTOSI/tinyprintf/include" -I"C:/Users/Win10/Desktop/Repositorios CESE/Repo_RTOSI_Jordan/RTOSI_workspace/Clase1_prueba2/Drivers/libs_RTOSI/seos_pont" -I"C:/Users/Win10/Desktop/Repositorios CESE/Repo_RTOSI_Jordan/RTOSI_workspace/Clase1_prueba2/Drivers/libs_RTOSI/seos_pont/seos_pont_2014" -I"C:/Users/Win10/Desktop/Repositorios CESE/Repo_RTOSI_Jordan/RTOSI_workspace/Clase1_prueba2/Drivers/libs_RTOSI/seos_pont/seos_pont_2014/inc" -I"C:/Users/Win10/Desktop/Repositorios CESE/Repo_RTOSI_Jordan/RTOSI_workspace/Clase1_prueba2/Drivers/libs_RTOSI/sapi" -I"C:/Users/Win10/Desktop/Repositorios CESE/Repo_RTOSI_Jordan/RTOSI_workspace/Clase1_prueba2/Drivers/keys" -I"C:/Users/Win10/Desktop/Repositorios CESE/Repo_RTOSI_Jordan/RTOSI_workspace/Clase1_prueba2/Drivers/keys/inc" -I"C:/Users/Win10/Desktop/Repositorios CESE/Repo_RTOSI_Jordan/RTOSI_workspace/Clase1_prueba2/Drivers/libs_RTOSI/sapi/sapi_v0.6.2/base" -I"C:/Users/Win10/Desktop/Repositorios CESE/Repo_RTOSI_Jordan/RTOSI_workspace/Clase1_prueba2/Drivers/libs_RTOSI/sapi/sapi_v0.6.2" -I"C:/Users/Win10/Desktop/Repositorios CESE/Repo_RTOSI_Jordan/RTOSI_workspace/Clase1_prueba2/Drivers/libs_RTOSI/lpc_open" -O0 -ffunction-sections -fdata-sections -Wall -fstack-usage -MMD -MP -MF"Src/main.d" -MT"Src/main.o" --specs=nano.specs -mfpu=fpv4-sp-d16 -mfloat-abi=hard -mthumb -o "Src/main.o"
arm-none-eabi-gcc "../Drivers/libs_RTOSI/tinyprintf/printf.c" -mcpu=cortex-m4 -std=gnu11 -g3 -DDEBUG -DSTM32 -DSTM32F429ZITx -DSTM32F4 -DNUCLEO_F429ZI -DUSE_HAL_DRIVER -DSTM32F429xx -c -I../Inc -I"C:/Users/Win10/Desktop/Repositorios CESE/Repo_RTOSI_Jordan/RTOSI_workspace/Clase1_prueba2/Drivers/libs_RTOSI/lpc_open/lpc_chip_43xx/inc" -I"C:/Users/Win10/Desktop/Repositorios CESE/Repo_RTOSI_Jordan/RTOSI_workspace/Clase1_prueba2/Drivers/libs_RTOSI/lpc_open/lpc_chip_43xx" -I"C:/Users/Win10/Desktop/Repositorios CESE/Repo_RTOSI_Jordan/RTOSI_workspace/Clase1_prueba2/Drivers/libs_RTOSI/sapi/sapi_v0.6.2/base/inc" -I"C:/Users/Win10/Desktop/Repositorios CESE/Repo_RTOSI_Jordan/RTOSI_workspace/Clase1_prueba2/Drivers/STM32F4xx_HAL_Driver/Inc" -I"C:/Users/Win10/Desktop/Repositorios CESE/Repo_RTOSI_Jordan/RTOSI_workspace/Clase1_prueba2/Drivers/CMSIS/Include" -I"C:/Users/Win10/Desktop/Repositorios CESE/Repo_RTOSI_Jordan/RTOSI_workspace/Clase1_prueba2/Drivers/CMSIS/Device/ST/STM32F4xx/Include" -I"C:/Users/Win10/Desktop/Repositorios CESE/Repo_RTOSI_Jordan/RTOSI_workspace/Clase1_prueba2/Drivers/BSP/STM32F4xx_Nucleo_144" -I"C:/Users/Win10/Desktop/Repositorios CESE/Repo_RTOSI_Jordan/RTOSI_workspace/Clase1_prueba2/Drivers/Core/Inc" -I"C:/Users/Win10/Desktop/Repositorios CESE/Repo_RTOSI_Jordan/RTOSI_workspace/Clase1_prueba2/Drivers/libs_RTOSI" -I"C:/Users/Win10/Desktop/Repositorios CESE/Repo_RTOSI_Jordan/RTOSI_workspace/Clase1_prueba2/Drivers/libs_RTOSI/tinyprintf" -I"C:/Users/Win10/Desktop/Repositorios CESE/Repo_RTOSI_Jordan/RTOSI_workspace/Clase1_prueba2/Drivers/libs_RTOSI/tinyprintf/include" -I"C:/Users/Win10/Desktop/Repositorios CESE/Repo_RTOSI_Jordan/RTOSI_workspace/Clase1_prueba2/Drivers/libs_RTOSI/seos_pont" -I"C:/Users/Win10/Desktop/Repositorios CESE/Repo_RTOSI_Jordan/RTOSI_workspace/Clase1_prueba2/Drivers/libs_RTOSI/seos_pont/seos_pont_2014" -I"C:/Users/Win10/Desktop/Repositorios CESE/Repo_RTOSI_Jordan/RTOSI_workspace/Clase1_prueba2/Drivers/libs_RTOSI/seos_pont/seos_pont_2014/inc" -I"C:/Users/Win10/Desktop/Repositorios CESE/Repo_RTOSI_Jordan/RTOSI_workspace/Clase1_prueba2/Drivers/libs_RTOSI/sapi" -I"C:/Users/Win10/Desktop/Repositorios CESE/Repo_RTOSI_Jordan/RTOSI_workspace/Clase1_prueba2/Drivers/keys" -I"C:/Users/Win10/Desktop/Repositorios CESE/Repo_RTOSI_Jordan/RTOSI_workspace/Clase1_prueba2/Drivers/keys/inc" -I"C:/Users/Win10/Desktop/Repositorios CESE/Repo_RTOSI_Jordan/RTOSI_workspace/Clase1_prueba2/Drivers/libs_RTOSI/sapi/sapi_v0.6.2/base" -I"C:/Users/Win10/Desktop/Repositorios CESE/Repo_RTOSI_Jordan/RTOSI_workspace/Clase1_prueba2/Drivers/libs_RTOSI/sapi/sapi_v0.6.2" -I"C:/Users/Win10/Desktop/Repositorios CESE/Repo_RTOSI_Jordan/RTOSI_workspace/Clase1_prueba2/Drivers/libs_RTOSI/lpc_open" -O0 -ffunction-sections -fdata-sections -Wall -fstack-usage -MMD -MP -MF"Drivers/libs_RTOSI/tinyprintf/printf.d" -MT"Drivers/libs_RTOSI/tinyprintf/printf.o" --specs=nano.specs -mfpu=fpv4-sp-d16 -mfloat-abi=hard -mthumb -o "Drivers/libs_RTOSI/tinyprintf/printf.o"
arm-none-eabi-gcc "../Drivers/libs_RTOSI/tinyprintf/printf_retarget.c" -mcpu=cortex-m4 -std=gnu11 -g3 -DDEBUG -DSTM32 -DSTM32F429ZITx -DSTM32F4 -DNUCLEO_F429ZI -DUSE_HAL_DRIVER -DSTM32F429xx -c -I../Inc -I"C:/Users/Win10/Desktop/Repositorios CESE/Repo_RTOSI_Jordan/RTOSI_workspace/Clase1_prueba2/Drivers/libs_RTOSI/lpc_open/lpc_chip_43xx/inc" -I"C:/Users/Win10/Desktop/Repositorios CESE/Repo_RTOSI_Jordan/RTOSI_workspace/Clase1_prueba2/Drivers/libs_RTOSI/lpc_open/lpc_chip_43xx" -I"C:/Users/Win10/Desktop/Repositorios CESE/Repo_RTOSI_Jordan/RTOSI_workspace/Clase1_prueba2/Drivers/libs_RTOSI/sapi/sapi_v0.6.2/base/inc" -I"C:/Users/Win10/Desktop/Repositorios CESE/Repo_RTOSI_Jordan/RTOSI_workspace/Clase1_prueba2/Drivers/STM32F4xx_HAL_Driver/Inc" -I"C:/Users/Win10/Desktop/Repositorios CESE/Repo_RTOSI_Jordan/RTOSI_workspace/Clase1_prueba2/Drivers/CMSIS/Include" -I"C:/Users/Win10/Desktop/Repositorios CESE/Repo_RTOSI_Jordan/RTOSI_workspace/Clase1_prueba2/Drivers/CMSIS/Device/ST/STM32F4xx/Include" -I"C:/Users/Win10/Desktop/Repositorios CESE/Repo_RTOSI_Jordan/RTOSI_workspace/Clase1_prueba2/Drivers/BSP/STM32F4xx_Nucleo_144" -I"C:/Users/Win10/Desktop/Repositorios CESE/Repo_RTOSI_Jordan/RTOSI_workspace/Clase1_prueba2/Drivers/Core/Inc" -I"C:/Users/Win10/Desktop/Repositorios CESE/Repo_RTOSI_Jordan/RTOSI_workspace/Clase1_prueba2/Drivers/libs_RTOSI" -I"C:/Users/Win10/Desktop/Repositorios CESE/Repo_RTOSI_Jordan/RTOSI_workspace/Clase1_prueba2/Drivers/libs_RTOSI/tinyprintf" -I"C:/Users/Win10/Desktop/Repositorios CESE/Repo_RTOSI_Jordan/RTOSI_workspace/Clase1_prueba2/Drivers/libs_RTOSI/tinyprintf/include" -I"C:/Users/Win10/Desktop/Repositorios CESE/Repo_RTOSI_Jordan/RTOSI_workspace/Clase1_prueba2/Drivers/libs_RTOSI/seos_pont" -I"C:/Users/Win10/Desktop/Repositorios CESE/Repo_RTOSI_Jordan/RTOSI_workspace/Clase1_prueba2/Drivers/libs_RTOSI/seos_pont/seos_pont_2014" -I"C:/Users/Win10/Desktop/Repositorios CESE/Repo_RTOSI_Jordan/RTOSI_workspace/Clase1_prueba2/Drivers/libs_RTOSI/seos_pont/seos_pont_2014/inc" -I"C:/Users/Win10/Desktop/Repositorios CESE/Repo_RTOSI_Jordan/RTOSI_workspace/Clase1_prueba2/Drivers/libs_RTOSI/sapi" -I"C:/Users/Win10/Desktop/Repositorios CESE/Repo_RTOSI_Jordan/RTOSI_workspace/Clase1_prueba2/Drivers/keys" -I"C:/Users/Win10/Desktop/Repositorios CESE/Repo_RTOSI_Jordan/RTOSI_workspace/Clase1_prueba2/Drivers/keys/inc" -I"C:/Users/Win10/Desktop/Repositorios CESE/Repo_RTOSI_Jordan/RTOSI_workspace/Clase1_prueba2/Drivers/libs_RTOSI/sapi/sapi_v0.6.2/base" -I"C:/Users/Win10/Desktop/Repositorios CESE/Repo_RTOSI_Jordan/RTOSI_workspace/Clase1_prueba2/Drivers/libs_RTOSI/sapi/sapi_v0.6.2" -I"C:/Users/Win10/Desktop/Repositorios CESE/Repo_RTOSI_Jordan/RTOSI_workspace/Clase1_prueba2/Drivers/libs_RTOSI/lpc_open" -O0 -ffunction-sections -fdata-sections -Wall -fstack-usage -MMD -MP -MF"Drivers/libs_RTOSI/tinyprintf/printf_retarget.d" -MT"Drivers/libs_RTOSI/tinyprintf/printf_retarget.o" --specs=nano.specs -mfpu=fpv4-sp-d16 -mfloat-abi=hard -mthumb -o "Drivers/libs_RTOSI/tinyprintf/printf_retarget.o"
arm-none-eabi-gcc "../Drivers/libs_RTOSI/sys_newlib/src/system.c" -mcpu=cortex-m4 -std=gnu11 -g3 -DDEBUG -DSTM32 -DSTM32F429ZITx -DSTM32F4 -DNUCLEO_F429ZI -DUSE_HAL_DRIVER -DSTM32F429xx -c -I../Inc -I"C:/Users/Win10/Desktop/Repositorios CESE/Repo_RTOSI_Jordan/RTOSI_workspace/Clase1_prueba2/Drivers/libs_RTOSI/lpc_open/lpc_chip_43xx/inc" -I"C:/Users/Win10/Desktop/Repositorios CESE/Repo_RTOSI_Jordan/RTOSI_workspace/Clase1_prueba2/Drivers/libs_RTOSI/lpc_open/lpc_chip_43xx" -I"C:/Users/Win10/Desktop/Repositorios CESE/Repo_RTOSI_Jordan/RTOSI_workspace/Clase1_prueba2/Drivers/libs_RTOSI/sapi/sapi_v0.6.2/base/inc" -I"C:/Users/Win10/Desktop/Repositorios CESE/Repo_RTOSI_Jordan/RTOSI_workspace/Clase1_prueba2/Drivers/STM32F4xx_HAL_Driver/Inc" -I"C:/Users/Win10/Desktop/Repositorios CESE/Repo_RTOSI_Jordan/RTOSI_workspace/Clase1_prueba2/Drivers/CMSIS/Include" -I"C:/Users/Win10/Desktop/Repositorios CESE/Repo_RTOSI_Jordan/RTOSI_workspace/Clase1_prueba2/Drivers/CMSIS/Device/ST/STM32F4xx/Include" -I"C:/Users/Win10/Desktop/Repositorios CESE/Repo_RTOSI_Jordan/RTOSI_workspace/Clase1_prueba2/Drivers/BSP/STM32F4xx_Nucleo_144" -I"C:/Users/Win10/Desktop/Repositorios CESE/Repo_RTOSI_Jordan/RTOSI_workspace/Clase1_prueba2/Drivers/Core/Inc" -I"C:/Users/Win10/Desktop/Repositorios CESE/Repo_RTOSI_Jordan/RTOSI_workspace/Clase1_prueba2/Drivers/libs_RTOSI" -I"C:/Users/Win10/Desktop/Repositorios CESE/Repo_RTOSI_Jordan/RTOSI_workspace/Clase1_prueba2/Drivers/libs_RTOSI/tinyprintf" -I"C:/Users/Win10/Desktop/Repositorios CESE/Repo_RTOSI_Jordan/RTOSI_workspace/Clase1_prueba2/Drivers/libs_RTOSI/tinyprintf/include" -I"C:/Users/Win10/Desktop/Repositorios CESE/Repo_RTOSI_Jordan/RTOSI_workspace/Clase1_prueba2/Drivers/libs_RTOSI/seos_pont" -I"C:/Users/Win10/Desktop/Repositorios CESE/Repo_RTOSI_Jordan/RTOSI_workspace/Clase1_prueba2/Drivers/libs_RTOSI/seos_pont/seos_pont_2014" -I"C:/Users/Win10/Desktop/Repositorios CESE/Repo_RTOSI_Jordan/RTOSI_workspace/Clase1_prueba2/Drivers/libs_RTOSI/seos_pont/seos_pont_2014/inc" -I"C:/Users/Win10/Desktop/Repositorios CESE/Repo_RTOSI_Jordan/RTOSI_workspace/Clase1_prueba2/Drivers/libs_RTOSI/sapi" -I"C:/Users/Win10/Desktop/Repositorios CESE/Repo_RTOSI_Jordan/RTOSI_workspace/Clase1_prueba2/Drivers/keys" -I"C:/Users/Win10/Desktop/Repositorios CESE/Repo_RTOSI_Jordan/RTOSI_workspace/Clase1_prueba2/Drivers/keys/inc" -I"C:/Users/Win10/Desktop/Repositorios CESE/Repo_RTOSI_Jordan/RTOSI_workspace/Clase1_prueba2/Drivers/libs_RTOSI/sapi/sapi_v0.6.2/base" -I"C:/Users/Win10/Desktop/Repositorios CESE/Repo_RTOSI_Jordan/RTOSI_workspace/Clase1_prueba2/Drivers/libs_RTOSI/sapi/sapi_v0.6.2" -I"C:/Users/Win10/Desktop/Repositorios CESE/Repo_RTOSI_Jordan/RTOSI_workspace/Clase1_prueba2/Drivers/libs_RTOSI/lpc_open" -O0 -ffunction-sections -fdata-sections -Wall -fstack-usage -MMD -MP -MF"Drivers/libs_RTOSI/sys_newlib/src/system.d" -MT"Drivers/libs_RTOSI/sys_newlib/src/system.o" --specs=nano.specs -mfpu=fpv4-sp-d16 -mfloat-abi=hard -mthumb -o "Drivers/libs_RTOSI/sys_newlib/src/system.o"
In file included from C:/Users/Win10/Desktop/Repositorios CESE/Repo_RTOSI_Jordan/RTOSI_workspace/Clase1_prueba2/Drivers/libs_RTOSI/lpc_open/lpc_chip_43xx/inc/chip.h:33,
                 from C:/Users/Win10/Desktop/Repositorios CESE/Repo_RTOSI_Jordan/RTOSI_workspace/Clase1_prueba2/Drivers/libs_RTOSI/sapi/sapi_v0.6.2/base/inc/sapi_datatypes.h:41,
                 from C:/Users/Win10/Desktop/Repositorios CESE/Repo_RTOSI_Jordan/RTOSI_workspace/Clase1_prueba2/Drivers/libs_RTOSI/sapi/sapi_v0.6.2/base/inc/sapi.h:40,
                 from C:/Users/Win10/Desktop/Repositorios CESE/Repo_RTOSI_Jordan/RTOSI_workspace/Clase1_prueba2/Drivers/keys/inc/keys.h:13,
                 from ../Src/main.c:10:
C:/Users/Win10/Desktop/Repositorios CESE/Repo_RTOSI_Jordan/RTOSI_workspace/Clase1_prueba2/Drivers/libs_RTOSI/lpc_open/lpc_chip_43xx/inc/cmsis.h:60:2: error: #error "No CHIP_* definition is defined"
   60 | #error "No CHIP_* definition is defined"
      |  ^~~~~
In file included from C:/Users/Win10/Desktop/Repositorios CESE/Repo_RTOSI_Jordan/RTOSI_workspace/Clase1_prueba2/Drivers/libs_RTOSI/sapi/sapi_v0.6.2/base/inc/sapi_datatypes.h:41,
                 from C:/Users/Win10/Desktop/Repositorios CESE/Repo_RTOSI_Jordan/RTOSI_workspace/Clase1_prueba2/Drivers/libs_RTOSI/sapi/sapi_v0.6.2/base/inc/sapi.h:40,
                 from C:/Users/Win10/Desktop/Repositorios CESE/Repo_RTOSI_Jordan/RTOSI_workspace/Clase1_prueba2/Drivers/keys/inc/keys.h:13,
                 from ../Src/main.c:10:
C:/Users/Win10/Desktop/Repositorios CESE/Repo_RTOSI_Jordan/RTOSI_workspace/Clase1_prueba2/Drivers/libs_RTOSI/lpc_open/lpc_chip_43xx/inc/chip.h:42:2: error: #error CHIP_LPC18XX or CHIP_LPC43XX must be defined
   42 | #error CHIP_LPC18XX or CHIP_LPC43XX must be defined
      |  ^~~~~
C:/Users/Win10/Desktop/Repositorios CESE/Repo_RTOSI_Jordan/RTOSI_workspace/Clase1_prueba2/Drivers/libs_RTOSI/lpc_open/lpc_chip_43xx/inc/chip.h:133:26: error: unknown type name 'CHIP_CGU_CLKIN_T'
  133 | void Chip_SetupCoreClock(CHIP_CGU_CLKIN_T clkin, uint32_t core_freq, bool setbase);
      |                          ^~~~~~~~~~~~~~~~
In file included from C:/Users/Win10/Desktop/Repositorios CESE/Repo_RTOSI_Jordan/RTOSI_workspace/Clase1_prueba2/Drivers/libs_RTOSI/sapi/sapi_v0.6.2/base/inc/sapi.h:40,
                 from C:/Users/Win10/Desktop/Repositorios CESE/Repo_RTOSI_Jordan/RTOSI_workspace/Clase1_prueba2/Drivers/keys/inc/keys.h:13,
                 from ../Src/main.c:10:
C:/Users/Win10/Desktop/Repositorios CESE/Repo_RTOSI_Jordan/RTOSI_workspace/Clase1_prueba2/Drivers/libs_RTOSI/sapi/sapi_v0.6.2/base/inc/sapi_datatypes.h:42:10: fatal error: board.h: No such file or directory
   42 | #include "board.h"
      |          ^~~~~~~~~
compilation terminated.
arm-none-eabi-gcc "../Drivers/libs_RTOSI/seos_pont/seos_pont_2014/src/seos_pont_2014_isr.c" -mcpu=cortex-m4 -std=gnu11 -g3 -DDEBUG -DSTM32 -DSTM32F429ZITx -DSTM32F4 -DNUCLEO_F429ZI -DUSE_HAL_DRIVER -DSTM32F429xx -c -I../Inc -I"C:/Users/Win10/Desktop/Repositorios CESE/Repo_RTOSI_Jordan/RTOSI_workspace/Clase1_prueba2/Drivers/libs_RTOSI/lpc_open/lpc_chip_43xx/inc" -I"C:/Users/Win10/Desktop/Repositorios CESE/Repo_RTOSI_Jordan/RTOSI_workspace/Clase1_prueba2/Drivers/libs_RTOSI/lpc_open/lpc_chip_43xx" -I"C:/Users/Win10/Desktop/Repositorios CESE/Repo_RTOSI_Jordan/RTOSI_workspace/Clase1_prueba2/Drivers/libs_RTOSI/sapi/sapi_v0.6.2/base/inc" -I"C:/Users/Win10/Desktop/Repositorios CESE/Repo_RTOSI_Jordan/RTOSI_workspace/Clase1_prueba2/Drivers/STM32F4xx_HAL_Driver/Inc" -I"C:/Users/Win10/Desktop/Repositorios CESE/Repo_RTOSI_Jordan/RTOSI_workspace/Clase1_prueba2/Drivers/CMSIS/Include" -I"C:/Users/Win10/Desktop/Repositorios CESE/Repo_RTOSI_Jordan/RTOSI_workspace/Clase1_prueba2/Drivers/CMSIS/Device/ST/STM32F4xx/Include" -I"C:/Users/Win10/Desktop/Repositorios CESE/Repo_RTOSI_Jordan/RTOSI_workspace/Clase1_prueba2/Drivers/BSP/STM32F4xx_Nucleo_144" -I"C:/Users/Win10/Desktop/Repositorios CESE/Repo_RTOSI_Jordan/RTOSI_workspace/Clase1_prueba2/Drivers/Core/Inc" -I"C:/Users/Win10/Desktop/Repositorios CESE/Repo_RTOSI_Jordan/RTOSI_workspace/Clase1_prueba2/Drivers/libs_RTOSI" -I"C:/Users/Win10/Desktop/Repositorios CESE/Repo_RTOSI_Jordan/RTOSI_workspace/Clase1_prueba2/Drivers/libs_RTOSI/tinyprintf" -I"C:/Users/Win10/Desktop/Repositorios CESE/Repo_RTOSI_Jordan/RTOSI_workspace/Clase1_prueba2/Drivers/libs_RTOSI/tinyprintf/include" -I"C:/Users/Win10/Desktop/Repositorios CESE/Repo_RTOSI_Jordan/RTOSI_workspace/Clase1_prueba2/Drivers/libs_RTOSI/seos_pont" -I"C:/Users/Win10/Desktop/Repositorios CESE/Repo_RTOSI_Jordan/RTOSI_workspace/Clase1_prueba2/Drivers/libs_RTOSI/seos_pont/seos_pont_2014" -I"C:/Users/Win10/Desktop/Repositorios CESE/Repo_RTOSI_Jordan/RTOSI_workspace/Clase1_prueba2/Drivers/libs_RTOSI/seos_pont/seos_pont_2014/inc" -I"C:/Users/Win10/Desktop/Repositorios CESE/Repo_RTOSI_Jordan/RTOSI_workspace/Clase1_prueba2/Drivers/libs_RTOSI/sapi" -I"C:/Users/Win10/Desktop/Repositorios CESE/Repo_RTOSI_Jordan/RTOSI_workspace/Clase1_prueba2/Drivers/keys" -I"C:/Users/Win10/Desktop/Repositorios CESE/Repo_RTOSI_Jordan/RTOSI_workspace/Clase1_prueba2/Drivers/keys/inc" -I"C:/Users/Win10/Desktop/Repositorios CESE/Repo_RTOSI_Jordan/RTOSI_workspace/Clase1_prueba2/Drivers/libs_RTOSI/sapi/sapi_v0.6.2/base" -I"C:/Users/Win10/Desktop/Repositorios CESE/Repo_RTOSI_Jordan/RTOSI_workspace/Clase1_prueba2/Drivers/libs_RTOSI/sapi/sapi_v0.6.2" -I"C:/Users/Win10/Desktop/Repositorios CESE/Repo_RTOSI_Jordan/RTOSI_workspace/Clase1_prueba2/Drivers/libs_RTOSI/lpc_open" -O0 -ffunction-sections -fdata-sections -Wall -fstack-usage -MMD -MP -MF"Drivers/libs_RTOSI/seos_pont/seos_pont_2014/src/seos_pont_2014_isr.d" -MT"Drivers/libs_RTOSI/seos_pont/seos_pont_2014/src/seos_pont_2014_isr.o" --specs=nano.specs -mfpu=fpv4-sp-d16 -mfloat-abi=hard -mthumb -o "Drivers/libs_RTOSI/seos_pont/seos_pont_2014/src/seos_pont_2014_isr.o"
arm-none-eabi-gcc "../Drivers/libs_RTOSI/seos_pont/seos_pont_2014/src/seos_pont_2014_scheduler.c" -mcpu=cortex-m4 -std=gnu11 -g3 -DDEBUG -DSTM32 -DSTM32F429ZITx -DSTM32F4 -DNUCLEO_F429ZI -DUSE_HAL_DRIVER -DSTM32F429xx -c -I../Inc -I"C:/Users/Win10/Desktop/Repositorios CESE/Repo_RTOSI_Jordan/RTOSI_workspace/Clase1_prueba2/Drivers/libs_RTOSI/lpc_open/lpc_chip_43xx/inc" -I"C:/Users/Win10/Desktop/Repositorios CESE/Repo_RTOSI_Jordan/RTOSI_workspace/Clase1_prueba2/Drivers/libs_RTOSI/lpc_open/lpc_chip_43xx" -I"C:/Users/Win10/Desktop/Repositorios CESE/Repo_RTOSI_Jordan/RTOSI_workspace/Clase1_prueba2/Drivers/libs_RTOSI/sapi/sapi_v0.6.2/base/inc" -I"C:/Users/Win10/Desktop/Repositorios CESE/Repo_RTOSI_Jordan/RTOSI_workspace/Clase1_prueba2/Drivers/STM32F4xx_HAL_Driver/Inc" -I"C:/Users/Win10/Desktop/Repositorios CESE/Repo_RTOSI_Jordan/RTOSI_workspace/Clase1_prueba2/Drivers/CMSIS/Include" -I"C:/Users/Win10/Desktop/Repositorios CESE/Repo_RTOSI_Jordan/RTOSI_workspace/Clase1_prueba2/Drivers/CMSIS/Device/ST/STM32F4xx/Include" -I"C:/Users/Win10/Desktop/Repositorios CESE/Repo_RTOSI_Jordan/RTOSI_workspace/Clase1_prueba2/Drivers/BSP/STM32F4xx_Nucleo_144" -I"C:/Users/Win10/Desktop/Repositorios CESE/Repo_RTOSI_Jordan/RTOSI_workspace/Clase1_prueba2/Drivers/Core/Inc" -I"C:/Users/Win10/Desktop/Repositorios CESE/Repo_RTOSI_Jordan/RTOSI_workspace/Clase1_prueba2/Drivers/libs_RTOSI" -I"C:/Users/Win10/Desktop/Repositorios CESE/Repo_RTOSI_Jordan/RTOSI_workspace/Clase1_prueba2/Drivers/libs_RTOSI/tinyprintf" -I"C:/Users/Win10/Desktop/Repositorios CESE/Repo_RTOSI_Jordan/RTOSI_workspace/Clase1_prueba2/Drivers/libs_RTOSI/tinyprintf/include" -I"C:/Users/Win10/Desktop/Repositorios CESE/Repo_RTOSI_Jordan/RTOSI_workspace/Clase1_prueba2/Drivers/libs_RTOSI/seos_pont" -I"C:/Users/Win10/Desktop/Repositorios CESE/Repo_RTOSI_Jordan/RTOSI_workspace/Clase1_prueba2/Drivers/libs_RTOSI/seos_pont/seos_pont_2014" -I"C:/Users/Win10/Desktop/Repositorios CESE/Repo_RTOSI_Jordan/RTOSI_workspace/Clase1_prueba2/Drivers/libs_RTOSI/seos_pont/seos_pont_2014/inc" -I"C:/Users/Win10/Desktop/Repositorios CESE/Repo_RTOSI_Jordan/RTOSI_workspace/Clase1_prueba2/Drivers/libs_RTOSI/sapi" -I"C:/Users/Win10/Desktop/Repositorios CESE/Repo_RTOSI_Jordan/RTOSI_workspace/Clase1_prueba2/Drivers/keys" -I"C:/Users/Win10/Desktop/Repositorios CESE/Repo_RTOSI_Jordan/RTOSI_workspace/Clase1_prueba2/Drivers/keys/inc" -I"C:/Users/Win10/Desktop/Repositorios CESE/Repo_RTOSI_Jordan/RTOSI_workspace/Clase1_prueba2/Drivers/libs_RTOSI/sapi/sapi_v0.6.2/base" -I"C:/Users/Win10/Desktop/Repositorios CESE/Repo_RTOSI_Jordan/RTOSI_workspace/Clase1_prueba2/Drivers/libs_RTOSI/sapi/sapi_v0.6.2" -I"C:/Users/Win10/Desktop/Repositorios CESE/Repo_RTOSI_Jordan/RTOSI_workspace/Clase1_prueba2/Drivers/libs_RTOSI/lpc_open" -O0 -ffunction-sections -fdata-sections -Wall -fstack-usage -MMD -MP -MF"Drivers/libs_RTOSI/seos_pont/seos_pont_2014/src/seos_pont_2014_scheduler.d" -MT"Drivers/libs_RTOSI/seos_pont/seos_pont_2014/src/seos_pont_2014_scheduler.o" --specs=nano.specs -mfpu=fpv4-sp-d16 -mfloat-abi=hard -mthumb -o "Drivers/libs_RTOSI/seos_pont/seos_pont_2014/src/seos_pont_2014_scheduler.o"
arm-none-eabi-gcc "../Drivers/libs_RTOSI/sapi/sapi_v0.6.2/soc/peripherals/usb/device/src/cdc_uart.c" -mcpu=cortex-m4 -std=gnu11 -g3 -DDEBUG -DSTM32 -DSTM32F429ZITx -DSTM32F4 -DNUCLEO_F429ZI -DUSE_HAL_DRIVER -DSTM32F429xx -c -I../Inc -I"C:/Users/Win10/Desktop/Repositorios CESE/Repo_RTOSI_Jordan/RTOSI_workspace/Clase1_prueba2/Drivers/libs_RTOSI/lpc_open/lpc_chip_43xx/inc" -I"C:/Users/Win10/Desktop/Repositorios CESE/Repo_RTOSI_Jordan/RTOSI_workspace/Clase1_prueba2/Drivers/libs_RTOSI/lpc_open/lpc_chip_43xx" -I"C:/Users/Win10/Desktop/Repositorios CESE/Repo_RTOSI_Jordan/RTOSI_workspace/Clase1_prueba2/Drivers/libs_RTOSI/sapi/sapi_v0.6.2/base/inc" -I"C:/Users/Win10/Desktop/Repositorios CESE/Repo_RTOSI_Jordan/RTOSI_workspace/Clase1_prueba2/Drivers/STM32F4xx_HAL_Driver/Inc" -I"C:/Users/Win10/Desktop/Repositorios CESE/Repo_RTOSI_Jordan/RTOSI_workspace/Clase1_prueba2/Drivers/CMSIS/Include" -I"C:/Users/Win10/Desktop/Repositorios CESE/Repo_RTOSI_Jordan/RTOSI_workspace/Clase1_prueba2/Drivers/CMSIS/Device/ST/STM32F4xx/Include" -I"C:/Users/Win10/Desktop/Repositorios CESE/Repo_RTOSI_Jordan/RTOSI_workspace/Clase1_prueba2/Drivers/BSP/STM32F4xx_Nucleo_144" -I"C:/Users/Win10/Desktop/Repositorios CESE/Repo_RTOSI_Jordan/RTOSI_workspace/Clase1_prueba2/Drivers/Core/Inc" -I"C:/Users/Win10/Desktop/Repositorios CESE/Repo_RTOSI_Jordan/RTOSI_workspace/Clase1_prueba2/Drivers/libs_RTOSI" -I"C:/Users/Win10/Desktop/Repositorios CESE/Repo_RTOSI_Jordan/RTOSI_workspace/Clase1_prueba2/Drivers/libs_RTOSI/tinyprintf" -I"C:/Users/Win10/Desktop/Repositorios CESE/Repo_RTOSI_Jordan/RTOSI_workspace/Clase1_prueba2/Drivers/libs_RTOSI/tinyprintf/include" -I"C:/Users/Win10/Desktop/Repositorios CESE/Repo_RTOSI_Jordan/RTOSI_workspace/Clase1_prueba2/Drivers/libs_RTOSI/seos_pont" -I"C:/Users/Win10/Desktop/Repositorios CESE/Repo_RTOSI_Jordan/RTOSI_workspace/Clase1_prueba2/Drivers/libs_RTOSI/seos_pont/seos_pont_2014" -I"C:/Users/Win10/Desktop/Repositorios CESE/Repo_RTOSI_Jordan/RTOSI_workspace/Clase1_prueba2/Drivers/libs_RTOSI/seos_pont/seos_pont_2014/inc" -I"C:/Users/Win10/Desktop/Repositorios CESE/Repo_RTOSI_Jordan/RTOSI_workspace/Clase1_prueba2/Drivers/libs_RTOSI/sapi" -I"C:/Users/Win10/Desktop/Repositorios CESE/Repo_RTOSI_Jordan/RTOSI_workspace/Clase1_prueba2/Drivers/keys" -I"C:/Users/Win10/Desktop/Repositorios CESE/Repo_RTOSI_Jordan/RTOSI_workspace/Clase1_prueba2/Drivers/keys/inc" -I"C:/Users/Win10/Desktop/Repositorios CESE/Repo_RTOSI_Jordan/RTOSI_workspace/Clase1_prueba2/Drivers/libs_RTOSI/sapi/sapi_v0.6.2/base" -I"C:/Users/Win10/Desktop/Repositorios CESE/Repo_RTOSI_Jordan/RTOSI_workspace/Clase1_prueba2/Drivers/libs_RTOSI/sapi/sapi_v0.6.2" -I"C:/Users/Win10/Desktop/Repositorios CESE/Repo_RTOSI_Jordan/RTOSI_workspace/Clase1_prueba2/Drivers/libs_RTOSI/lpc_open" -O0 -ffunction-sections -fdata-sections -Wall -fstack-usage -MMD -MP -MF"Drivers/libs_RTOSI/sapi/sapi_v0.6.2/soc/peripherals/usb/device/src/cdc_uart.d" -MT"Drivers/libs_RTOSI/sapi/sapi_v0.6.2/soc/peripherals/usb/device/src/cdc_uart.o" --specs=nano.specs -mfpu=fpv4-sp-d16 -mfloat-abi=hard -mthumb -o "Drivers/libs_RTOSI/sapi/sapi_v0.6.2/soc/peripherals/usb/device/src/cdc_uart.o"
In file included from ../Drivers/libs_RTOSI/seos_pont/seos_pont_2014/src/seos_pont_2014_isr.c:39:
C:/Users/Win10/Desktop/Repositorios CESE/Repo_RTOSI_Jordan/RTOSI_workspace/Clase1_prueba2/Drivers/libs_RTOSI/seos_pont/seos_pont_2014/inc/seos_pont_2014_isr.h:65:1: warning: parameter names (without types) in function declaration
   65 | void schedulerStart( tick_t );
      | ^~~~
In file included from ../Drivers/libs_RTOSI/seos_pont/seos_pont_2014/src/seos_pont_2014_isr.c:40:
C:/Users/Win10/Desktop/Repositorios CESE/Repo_RTOSI_Jordan/RTOSI_workspace/Clase1_prueba2/Drivers/libs_RTOSI/seos_pont/seos_pont_2014/inc/seos_pont_2014_scheduler.h:66:4: error: unknown type name 'callBackFuncPtr_t'
   66 |    callBackFuncPtr_t pTask;  // void (* pTask)(void);
      |    ^~~~~~~~~~~~~~~~~
C:/Users/Win10/Desktop/Repositorios CESE/Repo_RTOSI_Jordan/RTOSI_workspace/Clase1_prueba2/Drivers/libs_RTOSI/seos_pont/seos_pont_2014/inc/seos_pont_2014_scheduler.h:72:4: error: unknown type name 'int32_t'
   72 |    int32_t delay;
      |    ^~~~~~~
C:/Users/Win10/Desktop/Repositorios CESE/Repo_RTOSI_Jordan/RTOSI_workspace/Clase1_prueba2/Drivers/libs_RTOSI/seos_pont/seos_pont_2014/inc/seos_pont_2014_scheduler.h:75:4: error: unknown type name 'int32_t'
   75 |    int32_t period;
      |    ^~~~~~~
C:/Users/Win10/Desktop/Repositorios CESE/Repo_RTOSI_Jordan/RTOSI_workspace/Clase1_prueba2/Drivers/libs_RTOSI/seos_pont/seos_pont_2014/inc/seos_pont_2014_scheduler.h:77:4: error: unknown type name 'int32_t'
   77 |    int32_t runMe;
      |    ^~~~~~~
C:/Users/Win10/Desktop/Repositorios CESE/Repo_RTOSI_Jordan/RTOSI_workspace/Clase1_prueba2/Drivers/libs_RTOSI/seos_pont/seos_pont_2014/inc/seos_pont_2014_scheduler.h:88:1: error: unknown type name 'int32_t'
   88 | int32_t schedulerAddTask( callBackFuncPtr_t pFunction, //void (* pFunction)(void),
      | ^~~~~~~
C:/Users/Win10/Desktop/Repositorios CESE/Repo_RTOSI_Jordan/RTOSI_workspace/Clase1_prueba2/Drivers/libs_RTOSI/seos_pont/seos_pont_2014/inc/seos_pont_2014_scheduler.h:88:27: error: unknown type name 'callBackFuncPtr_t'
   88 | int32_t schedulerAddTask( callBackFuncPtr_t pFunction, //void (* pFunction)(void),
      |                           ^~~~~~~~~~~~~~~~~
C:/Users/Win10/Desktop/Repositorios CESE/Repo_RTOSI_Jordan/RTOSI_workspace/Clase1_prueba2/Drivers/libs_RTOSI/seos_pont/seos_pont_2014/inc/seos_pont_2014_scheduler.h:90:33: error: unknown type name 'int32_t'
   90 |                           const int32_t DELAY,
      |                                 ^~~~~~~
C:/Users/Win10/Desktop/Repositorios CESE/Repo_RTOSI_Jordan/RTOSI_workspace/Clase1_prueba2/Drivers/libs_RTOSI/seos_pont/seos_pont_2014/inc/seos_pont_2014_scheduler.h:91:33: error: unknown type name 'int32_t'
   91 |                           const int32_t PERIOD
      |                                 ^~~~~~~
C:/Users/Win10/Desktop/Repositorios CESE/Repo_RTOSI_Jordan/RTOSI_workspace/Clase1_prueba2/Drivers/libs_RTOSI/seos_pont/seos_pont_2014/inc/seos_pont_2014_scheduler.h:95:1: error: unknown type name 'int8_t'
   95 | int8_t schedulerDeleteTask( int32_t taskIndex );
      | ^~~~~~
C:/Users/Win10/Desktop/Repositorios CESE/Repo_RTOSI_Jordan/RTOSI_workspace/Clase1_prueba2/Drivers/libs_RTOSI/seos_pont/seos_pont_2014/inc/seos_pont_2014_scheduler.h:95:29: error: unknown type name 'int32_t'
   95 | int8_t schedulerDeleteTask( int32_t taskIndex );
      |                             ^~~~~~~
In file included from C:/Users/Win10/Desktop/Repositorios CESE/Repo_RTOSI_Jordan/RTOSI_workspace/Clase1_prueba2/Drivers/libs_RTOSI/lpc_open/lpc_chip_43xx/inc/chip.h:33,
                 from C:/Users/Win10/Desktop/Repositorios CESE/Repo_RTOSI_Jordan/RTOSI_workspace/Clase1_prueba2/Drivers/libs_RTOSI/sapi/sapi_v0.6.2/base/inc/sapi_datatypes.h:41,
                 from C:/Users/Win10/Desktop/Repositorios CESE/Repo_RTOSI_Jordan/RTOSI_workspace/Clase1_prueba2/Drivers/libs_RTOSI/sapi/sapi_v0.6.2/base/inc/sapi.h:40,
                 from ../Drivers/libs_RTOSI/seos_pont/seos_pont_2014/src/seos_pont_2014_isr.c:42:
C:/Users/Win10/Desktop/Repositorios CESE/Repo_RTOSI_Jordan/RTOSI_workspace/Clase1_prueba2/Drivers/libs_RTOSI/lpc_open/lpc_chip_43xx/inc/cmsis.h:60:2: error: #error "No CHIP_* definition is defined"
   60 | #error "No CHIP_* definition is defined"
      |  ^~~~~
In file included from C:/Users/Win10/Desktop/Repositorios CESE/Repo_RTOSI_Jordan/RTOSI_workspace/Clase1_prueba2/Drivers/libs_RTOSI/sapi/sapi_v0.6.2/base/inc/sapi_datatypes.h:41,
                 from C:/Users/Win10/Desktop/Repositorios CESE/Repo_RTOSI_Jordan/RTOSI_workspace/Clase1_prueba2/Drivers/libs_RTOSI/sapi/sapi_v0.6.2/base/inc/sapi.h:40,
                 from ../Drivers/libs_RTOSI/seos_pont/seos_pont_2014/src/seos_pont_2014_isr.c:42:
C:/Users/Win10/Desktop/Repositorios CESE/Repo_RTOSI_Jordan/RTOSI_workspace/Clase1_prueba2/Drivers/libs_RTOSI/lpc_open/lpc_chip_43xx/inc/chip.h:42:2: error: #error CHIP_LPC18XX or CHIP_LPC43XX must be defined
   42 | #error CHIP_LPC18XX or CHIP_LPC43XX must be defined
      |  ^~~~~
C:/Users/Win10/Desktop/Repositorios CESE/Repo_RTOSI_Jordan/RTOSI_workspace/Clase1_prueba2/Drivers/libs_RTOSI/lpc_open/lpc_chip_43xx/inc/chip.h:133:26: error: unknown type name 'CHIP_CGU_CLKIN_T'
  133 | void Chip_SetupCoreClock(CHIP_CGU_CLKIN_T clkin, uint32_t core_freq, bool setbase);
      |                          ^~~~~~~~~~~~~~~~
In file included from C:/Users/Win10/Desktop/Repositorios CESE/Repo_RTOSI_Jordan/RTOSI_workspace/Clase1_prueba2/Drivers/libs_RTOSI/sapi/sapi_v0.6.2/base/inc/sapi.h:40,
                 from ../Drivers/libs_RTOSI/seos_pont/seos_pont_2014/src/seos_pont_2014_isr.c:42:
C:/Users/Win10/Desktop/Repositorios CESE/Repo_RTOSI_Jordan/RTOSI_workspace/Clase1_prueba2/Drivers/libs_RTOSI/sapi/sapi_v0.6.2/base/inc/sapi_datatypes.h:42:10: fatal error: board.h: No such file or directory
   42 | #include "board.h"
      |          ^~~~~~~~~
compilation terminated.
make: *** [Src/subdir.mk:19: Src/main.o] Error 1
make: *** Waiting for unfinished jobs....
make: *** [Drivers/libs_RTOSI/seos_pont/seos_pont_2014/src/subdir.mk:22: Drivers/libs_RTOSI/seos_pont/seos_pont_2014/src/seos_pont_2014_isr.o] Error 1
In file included from ../Drivers/libs_RTOSI/seos_pont/seos_pont_2014/src/seos_pont_2014_scheduler.c:39:
C:/Users/Win10/Desktop/Repositorios CESE/Repo_RTOSI_Jordan/RTOSI_workspace/Clase1_prueba2/Drivers/libs_RTOSI/seos_pont/seos_pont_2014/inc/seos_pont_2014_scheduler.h:66:4: error: unknown type name 'callBackFuncPtr_t'
   66 |    callBackFuncPtr_t pTask;  // void (* pTask)(void);
      |    ^~~~~~~~~~~~~~~~~
C:/Users/Win10/Desktop/Repositorios CESE/Repo_RTOSI_Jordan/RTOSI_workspace/Clase1_prueba2/Drivers/libs_RTOSI/seos_pont/seos_pont_2014/inc/seos_pont_2014_scheduler.h:72:4: error: unknown type name 'int32_t'
   72 |    int32_t delay;
      |    ^~~~~~~
C:/Users/Win10/Desktop/Repositorios CESE/Repo_RTOSI_Jordan/RTOSI_workspace/Clase1_prueba2/Drivers/libs_RTOSI/seos_pont/seos_pont_2014/inc/seos_pont_2014_scheduler.h:75:4: error: unknown type name 'int32_t'
   75 |    int32_t period;
      |    ^~~~~~~
C:/Users/Win10/Desktop/Repositorios CESE/Repo_RTOSI_Jordan/RTOSI_workspace/Clase1_prueba2/Drivers/libs_RTOSI/seos_pont/seos_pont_2014/inc/seos_pont_2014_scheduler.h:77:4: error: unknown type name 'int32_t'
   77 |    int32_t runMe;
      |    ^~~~~~~
C:/Users/Win10/Desktop/Repositorios CESE/Repo_RTOSI_Jordan/RTOSI_workspace/Clase1_prueba2/Drivers/libs_RTOSI/seos_pont/seos_pont_2014/inc/seos_pont_2014_scheduler.h:88:1: error: unknown type name 'int32_t'
   88 | int32_t schedulerAddTask( callBackFuncPtr_t pFunction, //void (* pFunction)(void),
      | ^~~~~~~
C:/Users/Win10/Desktop/Repositorios CESE/Repo_RTOSI_Jordan/RTOSI_workspace/Clase1_prueba2/Drivers/libs_RTOSI/seos_pont/seos_pont_2014/inc/seos_pont_2014_scheduler.h:88:27: error: unknown type name 'callBackFuncPtr_t'
   88 | int32_t schedulerAddTask( callBackFuncPtr_t pFunction, //void (* pFunction)(void),
      |                           ^~~~~~~~~~~~~~~~~
C:/Users/Win10/Desktop/Repositorios CESE/Repo_RTOSI_Jordan/RTOSI_workspace/Clase1_prueba2/Drivers/libs_RTOSI/seos_pont/seos_pont_2014/inc/seos_pont_2014_scheduler.h:90:33: error: unknown type name 'int32_t'
   90 |                           const int32_t DELAY,
      |                                 ^~~~~~~
C:/Users/Win10/Desktop/Repositorios CESE/Repo_RTOSI_Jordan/RTOSI_workspace/Clase1_prueba2/Drivers/libs_RTOSI/seos_pont/seos_pont_2014/inc/seos_pont_2014_scheduler.h:91:33: error: unknown type name 'int32_t'
   91 |                           const int32_t PERIOD
      |                                 ^~~~~~~
C:/Users/Win10/Desktop/Repositorios CESE/Repo_RTOSI_Jordan/RTOSI_workspace/Clase1_prueba2/Drivers/libs_RTOSI/seos_pont/seos_pont_2014/inc/seos_pont_2014_scheduler.h:95:1: error: unknown type name 'int8_t'
   95 | int8_t schedulerDeleteTask( int32_t taskIndex );
      | ^~~~~~
C:/Users/Win10/Desktop/Repositorios CESE/Repo_RTOSI_Jordan/RTOSI_workspace/Clase1_prueba2/Drivers/libs_RTOSI/seos_pont/seos_pont_2014/inc/seos_pont_2014_scheduler.h:95:29: error: unknown type name 'int32_t'
   95 | int8_t schedulerDeleteTask( int32_t taskIndex );
      |                             ^~~~~~~
In file included from C:/Users/Win10/Desktop/Repositorios CESE/Repo_RTOSI_Jordan/RTOSI_workspace/Clase1_prueba2/Drivers/libs_RTOSI/lpc_open/lpc_chip_43xx/inc/chip.h:33,
                 from C:/Users/Win10/Desktop/Repositorios CESE/Repo_RTOSI_Jordan/RTOSI_workspace/Clase1_prueba2/Drivers/libs_RTOSI/sapi/sapi_v0.6.2/base/inc/sapi_datatypes.h:41,
                 from C:/Users/Win10/Desktop/Repositorios CESE/Repo_RTOSI_Jordan/RTOSI_workspace/Clase1_prueba2/Drivers/libs_RTOSI/sapi/sapi_v0.6.2/base/inc/sapi.h:40,
                 from ../Drivers/libs_RTOSI/seos_pont/seos_pont_2014/src/seos_pont_2014_scheduler.c:40:
C:/Users/Win10/Desktop/Repositorios CESE/Repo_RTOSI_Jordan/RTOSI_workspace/Clase1_prueba2/Drivers/libs_RTOSI/lpc_open/lpc_chip_43xx/inc/cmsis.h:60:2: error: #error "No CHIP_* definition is defined"
   60 | #error "No CHIP_* definition is defined"
      |  ^~~~~
In file included from C:/Users/Win10/Desktop/Repositorios CESE/Repo_RTOSI_Jordan/RTOSI_workspace/Clase1_prueba2/Drivers/libs_RTOSI/sapi/sapi_v0.6.2/base/inc/sapi_datatypes.h:41,
                 from C:/Users/Win10/Desktop/Repositorios CESE/Repo_RTOSI_Jordan/RTOSI_workspace/Clase1_prueba2/Drivers/libs_RTOSI/sapi/sapi_v0.6.2/base/inc/sapi.h:40,
                 from ../Drivers/libs_RTOSI/seos_pont/seos_pont_2014/src/seos_pont_2014_scheduler.c:40:
C:/Users/Win10/Desktop/Repositorios CESE/Repo_RTOSI_Jordan/RTOSI_workspace/Clase1_prueba2/Drivers/libs_RTOSI/lpc_open/lpc_chip_43xx/inc/chip.h:42:2: error: #error CHIP_LPC18XX or CHIP_LPC43XX must be defined
   42 | #error CHIP_LPC18XX or CHIP_LPC43XX must be defined
      |  ^~~~~
C:/Users/Win10/Desktop/Repositorios CESE/Repo_RTOSI_Jordan/RTOSI_workspace/Clase1_prueba2/Drivers/libs_RTOSI/lpc_open/lpc_chip_43xx/inc/chip.h:133:26: error: unknown type name 'CHIP_CGU_CLKIN_T'
  133 | void Chip_SetupCoreClock(CHIP_CGU_CLKIN_T clkin, uint32_t core_freq, bool setbase);
      |                          ^~~~~~~~~~~~~~~~
In file included from C:/Users/Win10/Desktop/Repositorios CESE/Repo_RTOSI_Jordan/RTOSI_workspace/Clase1_prueba2/Drivers/libs_RTOSI/sapi/sapi_v0.6.2/base/inc/sapi.h:40,
                 from ../Drivers/libs_RTOSI/seos_pont/seos_pont_2014/src/seos_pont_2014_scheduler.c:40:
C:/Users/Win10/Desktop/Repositorios CESE/Repo_RTOSI_Jordan/RTOSI_workspace/Clase1_prueba2/Drivers/libs_RTOSI/sapi/sapi_v0.6.2/base/inc/sapi_datatypes.h:42:10: fatal error: board.h: No such file or directory
   42 | #include "board.h"
      |          ^~~~~~~~~
compilation terminated.
make: *** [Drivers/libs_RTOSI/seos_pont/seos_pont_2014/src/subdir.mk:22: Drivers/libs_RTOSI/seos_pont/seos_pont_2014/src/seos_pont_2014_scheduler.o] Error 1
../Drivers/libs_RTOSI/sapi/sapi_v0.6.2/soc/peripherals/usb/device/src/cdc_uart.c:32:10: fatal error: board.h: No such file or directory
   32 | #include "board.h"
      |          ^~~~~~~~~
compilation terminated.
make: *** [Drivers/libs_RTOSI/sapi/sapi_v0.6.2/soc/peripherals/usb/device/src/subdir.mk:25: Drivers/libs_RTOSI/sapi/sapi_v0.6.2/soc/peripherals/usb/device/src/cdc_uart.o] Error 1
"make -j4 all" terminated with exit code 2. Build might be incomplete.

11:12:13 Build Failed. 38 errors, 1 warnings. (took 4s.580ms)

